28-Jul-2017 16:13:57 INFO [DB]- Driver Loaded
28-Jul-2017 16:15:07 INFO [DB]- Driver Loaded
28-Jul-2017 16:16:38 INFO [DB]- Driver Loaded
28-Jul-2017 16:44:33 INFO [DB]- Driver Loaded
28-Jul-2017 16:49:13 INFO [DB]- Driver Loaded
28-Jul-2017 16:50:24 INFO [DB]- Driver Loaded
04-Aug-2017 04:13:42 INFO [DB]- Driver Loaded
04-Aug-2017 04:15:50 INFO [DB]- Driver Loaded
04-Aug-2017 04:16:58 INFO [DB]- Driver Loaded
04-Aug-2017 04:19:48 INFO [DB]- Driver Loaded
04-Aug-2017 04:20:16 ERROR [RegisterEntryDAO]- java.sql.SQLSyntaxErrorException: ORA-00942: table or view does not exist

04-Aug-2017 04:22:11 INFO [DB]- Driver Loaded
04-Aug-2017 04:23:06 INFO [DB]- Driver Loaded
04-Aug-2017 04:41:17 INFO [DB]- Driver Loaded
04-Aug-2017 04:45:30 INFO [DB]- Driver Loaded
04-Aug-2017 04:48:54 INFO [DB]- Driver Loaded
04-Aug-2017 04:49:00 ERROR [RegisterEntryDAO]- java.sql.SQLException: Missing IN or OUT parameter at index:: 3
04-Aug-2017 04:52:00 INFO [DB]- Driver Loaded
04-Aug-2017 04:52:08 ERROR [RegisterEntryDAO]- java.sql.SQLException: Missing IN or OUT parameter at index:: 3
04-Aug-2017 04:53:37 INFO [DB]- Driver Loaded
16-Aug-2017 19:29:35 INFO [DB]- Driver Loaded
16-Aug-2017 19:29:36 ERROR [DB]- java.sql.SQLException: ORA-01017: invalid username/password; logon denied

01-Oct-2018 09:01:01 INFO [DB]- Driver Loaded
01-Oct-2018 09:01:01 ERROR [DB]- java.sql.SQLException: ORA-01017: invalid username/password; logon denied

01-Oct-2018 09:01:37 ERROR [DB]- java.sql.SQLException: ORA-01017: invalid username/password; logon denied

01-Oct-2018 09:03:20 INFO [DB]- Driver Loaded
01-Oct-2018 09:03:21 ERROR [UserDAO]- java.sql.SQLSyntaxErrorException: ORA-00942: table or view does not exist

01-Oct-2018 09:11:14 INFO [DB]- Driver Loaded
01-Oct-2018 09:11:52 INFO [DB]- Driver Loaded
01-Oct-2018 09:13:48 INFO [DB]- Driver Loaded
01-Oct-2018 09:22:58 INFO [DB]- Driver Loaded
01-Oct-2018 15:48:11 INFO [DB]- Driver Loaded
01-Oct-2018 15:49:14 INFO [DB]- Driver Loaded
01-Oct-2018 15:49:41 INFO [DB]- Driver Loaded
01-Oct-2018 15:50:45 INFO [DB]- Driver Loaded
01-Oct-2018 15:52:10 INFO [DB]- Driver Loaded
01-Oct-2018 15:52:43 INFO [DB]- Driver Loaded
01-Oct-2018 15:53:26 INFO [DB]- Driver Loaded
03-Oct-2018 12:01:13 INFO [DB]- Driver Loaded
03-Oct-2018 12:05:14 INFO [DB]- Driver Loaded
03-Oct-2018 12:13:13 INFO [DB]- Driver Loaded
03-Oct-2018 12:13:41 INFO [DB]- Driver Loaded
03-Oct-2018 14:51:22 INFO [DB]- Driver Loaded
03-Oct-2018 15:30:31 INFO [DB]- Driver Loaded
03-Oct-2018 17:01:59 INFO [DB]- Driver Loaded
